\BOOKMARK [0][-]{chapter.1}{Beweisprinzipien}{}% 1
\BOOKMARK [1][-]{section.1.1}{Logik}{chapter.1}% 2
\BOOKMARK [1][-]{section.1.2}{Axiome}{chapter.1}% 3
\BOOKMARK [1][-]{section.1.3}{Direkter Beweis}{chapter.1}% 4
\BOOKMARK [2][-]{subsection.1.3.1}{Beispiel}{section.1.3}% 5
\BOOKMARK [1][-]{section.1.4}{Kontraposition}{chapter.1}% 6
\BOOKMARK [1][-]{section.1.5}{Widerspruch}{chapter.1}% 7
\BOOKMARK [1][-]{section.1.6}{Induktion}{chapter.1}% 8
\BOOKMARK [1][-]{section.1.7}{Summennotation}{chapter.1}% 9
\BOOKMARK [1][-]{section.1.8}{Gau\337formel}{chapter.1}% 10
\BOOKMARK [1][-]{section.1.9}{Fakult\344t}{chapter.1}% 11
\BOOKMARK [2][-]{subsection.1.9.1}{Notation}{section.1.9}% 12
\BOOKMARK [2][-]{subsection.1.9.2}{Binomailkoeffizient}{section.1.9}% 13
\BOOKMARK [1][-]{section.1.10}{Lemma: Binomialkoeffizient}{chapter.1}% 14
\BOOKMARK [1][-]{section.1.11}{Binomischer Lehrsatz}{chapter.1}% 15
\BOOKMARK [0][-]{chapter.2}{Mengen}{}% 16
\BOOKMARK [1][-]{section.2.1}{Mengen nach Cantor}{chapter.2}% 17
\BOOKMARK [2][-]{subsection.2.1.1}{Schreibweisen}{section.2.1}% 18
\BOOKMARK [1][-]{section.2.2}{Mengenoperatoren}{chapter.2}% 19
\BOOKMARK [1][-]{section.2.3}{Wichtige Mengen}{chapter.2}% 20
\BOOKMARK [1][-]{section.2.4}{Quantoren}{chapter.2}% 21
\BOOKMARK [1][-]{section.2.5}{Verneinung von Quantoren}{chapter.2}% 22
\BOOKMARK [1][-]{section.2.6}{Vereinigung und Schnitt}{chapter.2}% 23
\BOOKMARK [1][-]{section.2.7}{De Morgan}{chapter.2}% 24
\BOOKMARK [1][-]{section.2.8}{Abbildungen}{chapter.2}% 25
\BOOKMARK [2][-]{subsection.2.8.1}{Definition}{section.2.8}% 26
\BOOKMARK [2][-]{subsection.2.8.2}{Eigenschaften}{section.2.8}% 27
\BOOKMARK [1][-]{section.2.9}{Komposition}{chapter.2}% 28
\BOOKMARK [1][-]{section.2.10}{Identit\344tsabbildung}{chapter.2}% 29
\BOOKMARK [1][-]{section.2.11}{Umkehrabbildung}{chapter.2}% 30
\BOOKMARK [1][-]{section.2.12}{Kardinalit\344ten}{chapter.2}% 31
\BOOKMARK [2][-]{subsection.2.12.1}{Definition}{section.2.12}% 32
\BOOKMARK [2][-]{subsection.2.12.2}{Abz\344hlbar}{section.2.12}% 33
\BOOKMARK [2][-]{subsection.2.12.3}{\334berabz\344hlbar}{section.2.12}% 34
